<?xml version="1.0" encoding="UTF-8"?>
<testng-results skipped="0" failed="0" total="1" passed="1">
  <reporter-output>
  </reporter-output>
  <suite name="Default suite" duration-ms="5569" started-at="2016-11-29T08:52:45Z" finished-at="2016-11-29T08:52:51Z">
    <groups>
    </groups>
    <test name="Default test" duration-ms="5569" started-at="2016-11-29T08:52:45Z" finished-at="2016-11-29T08:52:51Z">
      <class name="testPackage.runTest">
        <test-method status="PASS" signature="testCaseID()[pri:0, instance:testPackage.runTest@604ed9f0]" name="testCaseID" duration-ms="5475" started-at="2016-11-29T14:22:45Z" finished-at="2016-11-29T14:22:51Z">
          <reporter-output>
          </reporter-output>
        </test-method> <!-- testCaseID -->
        <test-method status="PASS" signature="writeExcle()[pri:0, instance:testPackage.runTest@604ed9f0]" name="writeExcle" is-config="true" duration-ms="78" started-at="2016-11-29T14:22:51Z" finished-at="2016-11-29T14:22:51Z">
          <reporter-output>
          </reporter-output>
        </test-method> <!-- writeExcle -->
      </class> <!-- testPackage.runTest -->
    </test> <!-- Default test -->
  </suite> <!-- Default suite -->
</testng-results>
